<?xml version="1.0" encoding="UTF-8"?>
<!-- Generated by org.testng.reporters.JUnitReportReporter -->
<testsuite skipped="0" hostname="HP" name="com.grootan.qa.testcases.GrootanTest" tests="8" failures="0" timestamp="2021-01-04T12:41:22 IST" time="112.964" errors="0">
  <testcase name="click_On_HomeSection_And_TakeScreenshot" time="15.314" classname="com.grootan.qa.testcases.GrootanTest"/>
  <system-out>
<br><img src='C:\Users\VICKY\git\GrootanProject\Grootan\Folder1/Home.png' height='400' width='400'/><br>  </system-out>
  <testcase name="click_On_ServicesSection_And_TakeScreenshot" time="13.460" classname="com.grootan.qa.testcases.GrootanTest"/>
  <system-out>
<br><img src='C:\Users\VICKY\git\GrootanProject\Grootan\Folder1/Services.png' height='400' width='400'/><br>  </system-out>
  <testcase name="click_On_OpenSourceSection_And_TakeScreenshot" time="13.720" classname="com.grootan.qa.testcases.GrootanTest"/>
  <system-out>
<br><img src='C:\Users\VICKY\git\GrootanProject\Grootan\Folder1/Open Source.png' height='400' width='400'/><br>  </system-out>
  <testcase name="click_On_BlogSection_And_TakeScreenshot" time="23.931" classname="com.grootan.qa.testcases.GrootanTest"/>
  <system-out>
<br><img src='C:\Users\VICKY\git\GrootanProject\Grootan\Folder1/Blog.png' height='400' width='400'/><br>  </system-out>
  <testcase name="click_On_TeamcSection_And_TakeScreenshot" time="11.201" classname="com.grootan.qa.testcases.GrootanTest"/>
  <system-out>
<br><img src='C:\Users\VICKY\git\GrootanProject\Grootan\Folder1/Team.png' height='400' width='400'/><br>  </system-out>
  <testcase name="click_On_CareersSection_And_TakeScreenshot" time="11.398" classname="com.grootan.qa.testcases.GrootanTest"/>
  <system-out>
<br><img src='C:\Users\VICKY\git\GrootanProject\Grootan\Folder1/Careers.png' height='400' width='400'/><br>  </system-out>
  <testcase name="click_On_ContactUSSection_And_TakeScreenshot" time="13.208" classname="com.grootan.qa.testcases.GrootanTest"/>
  <system-out>
<br><img src='C:\Users\VICKY\git\GrootanProject\Grootan\Folder1/Contact Us.png' height='400' width='400'/><br>  </system-out>
  <testcase name="compareFolder1AndFolder2" time="10.732" classname="com.grootan.qa.testcases.GrootanTest"/>
  <system-out/>
</testsuite> <!-- com.grootan.qa.testcases.GrootanTest -->
